Refreshing run status every 30 seconds. Press Ctrl+C to quit.

* fix/shusky-ci-green Build Kernels · 28311544636
Triggered via workflow_dispatch less than a minute ago

JOBS
✓ fetch-commits in 8s (ID 83877178566)
  ✓ Set up job
  ✓ Checkout Repository
  ✓ Fetch Commits
  ✓ Post Checkout Repository
  ✓ Complete job
✓ build-shusky / generate-matrix in 4s (ID 83877187893)
  ✓ Set up job
  ✓ Checkout Repository
  ✓ Read Config and Generate Matrix
  ✓ Post Checkout Repository
  ✓ Complete job
- build-bluejay in 0s (ID 83877188017)
- build-caimito in 0s (ID 83877188018)
- build-tangorpro in 0s (ID 83877188020)
- build-tegu in 0s (ID 83877188074)
- build-raviole in 0s (ID 83877188107)
- build-lynx in 0s (ID 83877188109)
- build-comet in 0s (ID 83877188140)
- build-akita in 0s (ID 83877188141)
- build-felix in 0s (ID 83877188153)
- build-pantah in 0s (ID 83877188159)
* build-shusky / build (android-gs-shusky-6.1-android16) / android-gs-shusky-6.1-android16 (ID 83877194074)
  ✓ Set up job
  ✓ Checkout Repository
  * Free Disk Space
  * Setup more Swap (for LTO)
  * Setup Build Environment
  * Download Kernel Repository
  * Extract Kernel Version and Set File Name
  * Apply glibc 2.38 Compatibility Fix
  * Setup KernelSU-Next
  * Setup SUSFS
  * Setup SUSFS Patches
  * Setup Baseband Guard
  * Setup netfilter/ipset options
  * Setup BBRv3
  * Apply Kernel Branding
  * Remove Protected Exports
  * Clean Kernel Flags
  * Build Kernel
  * Create Bootimgs Folder and Build Boot Images
  * Upload Boot Images
  * Prepare AnyKernel3 Zip
  * Scan and collect patch rejects
  * Upload Artifacts
  * Upload Rejects
  * Build Summary
  * Post Checkout Repository
Refreshing run status every 30 seconds. Press Ctrl+C to quit.

* fix/shusky-ci-green Build Kernels · 28311544636
Triggered via workflow_dispatch about 1 minute ago

JOBS
✓ fetch-commits in 8s (ID 83877178566)
  ✓ Set up job
  ✓ Checkout Repository
  ✓ Fetch Commits
  ✓ Post Checkout Repository
  ✓ Complete job
✓ build-shusky / generate-matrix in 4s (ID 83877187893)
  ✓ Set up job
  ✓ Checkout Repository
  ✓ Read Config and Generate Matrix
  ✓ Post Checkout Repository
  ✓ Complete job
- build-bluejay in 0s (ID 83877188017)
- build-caimito in 0s (ID 83877188018)
- build-tangorpro in 0s (ID 83877188020)
- build-tegu in 0s (ID 83877188074)
- build-raviole in 0s (ID 83877188107)
- build-lynx in 0s (ID 83877188109)
- build-comet in 0s (ID 83877188140)
- build-akita in 0s (ID 83877188141)
- build-felix in 0s (ID 83877188153)
- build-pantah in 0s (ID 83877188159)
* build-shusky / build (android-gs-shusky-6.1-android16) / android-gs-shusky-6.1-android16 (ID 83877194074)
  ✓ Set up job
  ✓ Checkout Repository
  * Free Disk Space
  * Setup more Swap (for LTO)
  * Setup Build Environment
  * Download Kernel Repository
  * Extract Kernel Version and Set File Name
  * Apply glibc 2.38 Compatibility Fix
  * Setup KernelSU-Next
  * Setup SUSFS
  * Setup SUSFS Patches
  * Setup Baseband Guard
  * Setup netfilter/ipset options
  * Setup BBRv3
  * Apply Kernel Branding
  * Remove Protected Exports
  * Clean Kernel Flags
  * Build Kernel
  * Create Bootimgs Folder and Build Boot Images
  * Upload Boot Images
  * Prepare AnyKernel3 Zip
  * Scan and collect patch rejects
  * Upload Artifacts
  * Upload Rejects
  * Build Summary
  * Post Checkout Repository
Refreshing run status every 30 seconds. Press Ctrl+C to quit.

* fix/shusky-ci-green Build Kernels · 28311544636
Triggered via workflow_dispatch about 1 minute ago

JOBS
✓ fetch-commits in 8s (ID 83877178566)
  ✓ Set up job
  ✓ Checkout Repository
  ✓ Fetch Commits
  ✓ Post Checkout Repository
  ✓ Complete job
✓ build-shusky / generate-matrix in 4s (ID 83877187893)
  ✓ Set up job
  ✓ Checkout Repository
  ✓ Read Config and Generate Matrix
  ✓ Post Checkout Repository
  ✓ Complete job
- build-bluejay in 0s (ID 83877188017)
- build-caimito in 0s (ID 83877188018)
- build-tangorpro in 0s (ID 83877188020)
- build-tegu in 0s (ID 83877188074)
- build-raviole in 0s (ID 83877188107)
- build-lynx in 0s (ID 83877188109)
- build-comet in 0s (ID 83877188140)
- build-akita in 0s (ID 83877188141)
- build-felix in 0s (ID 83877188153)
- build-pantah in 0s (ID 83877188159)
* build-shusky / build (android-gs-shusky-6.1-android16) / android-gs-shusky-6.1-android16 (ID 83877194074)
  ✓ Set up job
  ✓ Checkout Repository
  * Free Disk Space
  * Setup more Swap (for LTO)
  * Setup Build Environment
  * Download Kernel Repository
  * Extract Kernel Version and Set File Name
  * Apply glibc 2.38 Compatibility Fix
  * Setup KernelSU-Next
  * Setup SUSFS
  * Setup SUSFS Patches
  * Setup Baseband Guard
  * Setup netfilter/ipset options
  * Setup BBRv3
  * Apply Kernel Branding
  * Remove Protected Exports
  * Clean Kernel Flags
  * Build Kernel
  * Create Bootimgs Folder and Build Boot Images
  * Upload Boot Images
  * Prepare AnyKernel3 Zip
  * Scan and collect patch rejects
  * Upload Artifacts
  * Upload Rejects
  * Build Summary
  * Post Checkout Repository
Refreshing run status every 30 seconds. Press Ctrl+C to quit.

* fix/shusky-ci-green Build Kernels · 28311544636
Triggered via workflow_dispatch about 2 minutes ago

JOBS
✓ fetch-commits in 8s (ID 83877178566)
  ✓ Set up job
  ✓ Checkout Repository
  ✓ Fetch Commits
  ✓ Post Checkout Repository
  ✓ Complete job
✓ build-shusky / generate-matrix in 4s (ID 83877187893)
  ✓ Set up job
  ✓ Checkout Repository
  ✓ Read Config and Generate Matrix
  ✓ Post Checkout Repository
  ✓ Complete job
- build-bluejay in 0s (ID 83877188017)
- build-caimito in 0s (ID 83877188018)
- build-tangorpro in 0s (ID 83877188020)
- build-tegu in 0s (ID 83877188074)
- build-raviole in 0s (ID 83877188107)
- build-lynx in 0s (ID 83877188109)
- build-comet in 0s (ID 83877188140)
- build-akita in 0s (ID 83877188141)
- build-felix in 0s (ID 83877188153)
- build-pantah in 0s (ID 83877188159)
* build-shusky / build (android-gs-shusky-6.1-android16) / android-gs-shusky-6.1-android16 (ID 83877194074)
  ✓ Set up job
  ✓ Checkout Repository
  ✓ Free Disk Space
  ✓ Setup more Swap (for LTO)
  ✓ Setup Build Environment
  * Download Kernel Repository
  * Extract Kernel Version and Set File Name
  * Apply glibc 2.38 Compatibility Fix
  * Setup KernelSU-Next
  * Setup SUSFS
  * Setup SUSFS Patches
  * Setup Baseband Guard
  * Setup netfilter/ipset options
  * Setup BBRv3
  * Apply Kernel Branding
  * Remove Protected Exports
  * Clean Kernel Flags
  * Build Kernel
  * Create Bootimgs Folder and Build Boot Images
  * Upload Boot Images
  * Prepare AnyKernel3 Zip
  * Scan and collect patch rejects
  * Upload Artifacts
  * Upload Rejects
  * Build Summary
  * Post Checkout Repository
Refreshing run status every 30 seconds. Press Ctrl+C to quit.

* fix/shusky-ci-green Build Kernels · 28311544636
Triggered via workflow_dispatch about 2 minutes ago

JOBS
✓ fetch-commits in 8s (ID 83877178566)
  ✓ Set up job
  ✓ Checkout Repository
  ✓ Fetch Commits
  ✓ Post Checkout Repository
  ✓ Complete job
✓ build-shusky / generate-matrix in 4s (ID 83877187893)
  ✓ Set up job
  ✓ Checkout Repository
  ✓ Read Config and Generate Matrix
  ✓ Post Checkout Repository
  ✓ Complete job
- build-bluejay in 0s (ID 83877188017)
- build-caimito in 0s (ID 83877188018)
- build-tangorpro in 0s (ID 83877188020)
- build-tegu in 0s (ID 83877188074)
- build-raviole in 0s (ID 83877188107)
- build-lynx in 0s (ID 83877188109)
- build-comet in 0s (ID 83877188140)
- build-akita in 0s (ID 83877188141)
- build-felix in 0s (ID 83877188153)
- build-pantah in 0s (ID 83877188159)
* build-shusky / build (android-gs-shusky-6.1-android16) / android-gs-shusky-6.1-android16 (ID 83877194074)
  ✓ Set up job
  ✓ Checkout Repository
  ✓ Free Disk Space
  ✓ Setup more Swap (for LTO)
  ✓ Setup Build Environment
  * Download Kernel Repository
  * Extract Kernel Version and Set File Name
  * Apply glibc 2.38 Compatibility Fix
  * Setup KernelSU-Next
  * Setup SUSFS
  * Setup SUSFS Patches
  * Setup Baseband Guard
  * Setup netfilter/ipset options
  * Setup BBRv3
  * Apply Kernel Branding
  * Remove Protected Exports
  * Clean Kernel Flags
  * Build Kernel
  * Create Bootimgs Folder and Build Boot Images
  * Upload Boot Images
  * Prepare AnyKernel3 Zip
  * Scan and collect patch rejects
  * Upload Artifacts
  * Upload Rejects
  * Build Summary
  * Post Checkout Repository
Refreshing run status every 30 seconds. Press Ctrl+C to quit.

* fix/shusky-ci-green Build Kernels · 28311544636
Triggered via workflow_dispatch about 3 minutes ago

JOBS
✓ fetch-commits in 8s (ID 83877178566)
  ✓ Set up job
  ✓ Checkout Repository
  ✓ Fetch Commits
  ✓ Post Checkout Repository
  ✓ Complete job
✓ build-shusky / generate-matrix in 4s (ID 83877187893)
  ✓ Set up job
  ✓ Checkout Repository
  ✓ Read Config and Generate Matrix
  ✓ Post Checkout Repository
  ✓ Complete job
- build-bluejay in 0s (ID 83877188017)
- build-caimito in 0s (ID 83877188018)
- build-tangorpro in 0s (ID 83877188020)
- build-tegu in 0s (ID 83877188074)
- build-raviole in 0s (ID 83877188107)
- build-lynx in 0s (ID 83877188109)
- build-comet in 0s (ID 83877188140)
- build-akita in 0s (ID 83877188141)
- build-felix in 0s (ID 83877188153)
- build-pantah in 0s (ID 83877188159)
* build-shusky / build (android-gs-shusky-6.1-android16) / android-gs-shusky-6.1-android16 (ID 83877194074)
  ✓ Set up job
  ✓ Checkout Repository
  ✓ Free Disk Space
  ✓ Setup more Swap (for LTO)
  ✓ Setup Build Environment
  * Download Kernel Repository
  * Extract Kernel Version and Set File Name
  * Apply glibc 2.38 Compatibility Fix
  * Setup KernelSU-Next
  * Setup SUSFS
  * Setup SUSFS Patches
  * Setup Baseband Guard
  * Setup netfilter/ipset options
  * Setup BBRv3
  * Apply Kernel Branding
  * Remove Protected Exports
  * Clean Kernel Flags
  * Build Kernel
  * Create Bootimgs Folder and Build Boot Images
  * Upload Boot Images
  * Prepare AnyKernel3 Zip
  * Scan and collect patch rejects
  * Upload Artifacts
  * Upload Rejects
  * Build Summary
  * Post Checkout Repository
Refreshing run status every 30 seconds. Press Ctrl+C to quit.

* fix/shusky-ci-green Build Kernels · 28311544636
Triggered via workflow_dispatch about 4 minutes ago

JOBS
✓ fetch-commits in 8s (ID 83877178566)
  ✓ Set up job
  ✓ Checkout Repository
  ✓ Fetch Commits
  ✓ Post Checkout Repository
  ✓ Complete job
✓ build-shusky / generate-matrix in 4s (ID 83877187893)
  ✓ Set up job
  ✓ Checkout Repository
  ✓ Read Config and Generate Matrix
  ✓ Post Checkout Repository
  ✓ Complete job
- build-bluejay in 0s (ID 83877188017)
- build-caimito in 0s (ID 83877188018)
- build-tangorpro in 0s (ID 83877188020)
- build-tegu in 0s (ID 83877188074)
- build-raviole in 0s (ID 83877188107)
- build-lynx in 0s (ID 83877188109)
- build-comet in 0s (ID 83877188140)
- build-akita in 0s (ID 83877188141)
- build-felix in 0s (ID 83877188153)
- build-pantah in 0s (ID 83877188159)
X build-shusky / build (android-gs-shusky-6.1-android16) / android-gs-shusky-6.1-android16 in 3m35s (ID 83877194074)
  ✓ Set up job
  ✓ Checkout Repository
  ✓ Free Disk Space
  ✓ Setup more Swap (for LTO)
  ✓ Setup Build Environment
  ✓ Download Kernel Repository
  ✓ Extract Kernel Version and Set File Name
  - Apply glibc 2.38 Compatibility Fix
  ✓ Setup KernelSU-Next
  ✓ Setup SUSFS
  ✓ Setup SUSFS Patches
  X Setup Baseband Guard
  - Setup netfilter/ipset options
  - Setup BBRv3
  - Apply Kernel Branding
  - Remove Protected Exports
  - Clean Kernel Flags
  - Build Kernel
  - Create Bootimgs Folder and Build Boot Images
  - Upload Boot Images
  - Prepare AnyKernel3 Zip
  ✓ Scan and collect patch rejects
  - Upload Artifacts
  ✓ Upload Rejects
  ✓ Build Summary
  ✓ Post Checkout Repository
  ✓ Complete job
* rej (ID 83877391795)
  * Set up job
- release in 0s (ID 83877392177)

ANNOTATIONS
! Node.js 20 is deprecated. The following actions target Node.js 20 but are being forced to run on Node.js 24: actions/upload-artifact@v4. For more information see: https://github.blog/changelog/2025-09-19-deprecation-of-node-20-on-github-actions-runners/
build-shusky / build (android-gs-shusky-6.1-android16) / android-gs-shusky-6.1-android16: .github#2

X Process completed with exit code 127.
build-shusky / build (android-gs-shusky-6.1-android16) / android-gs-shusky-6.1-android16: .github#53

X fix/shusky-ci-green Build Kernels · 28311544636
Triggered via workflow_dispatch about 4 minutes ago

JOBS
✓ fetch-commits in 8s (ID 83877178566)
  ✓ Set up job
  ✓ Checkout Repository
  ✓ Fetch Commits
  ✓ Post Checkout Repository
  ✓ Complete job
✓ build-shusky / generate-matrix in 4s (ID 83877187893)
  ✓ Set up job
  ✓ Checkout Repository
  ✓ Read Config and Generate Matrix
  ✓ Post Checkout Repository
  ✓ Complete job
- build-bluejay in 0s (ID 83877188017)
- build-caimito in 0s (ID 83877188018)
- build-tangorpro in 0s (ID 83877188020)
- build-tegu in 0s (ID 83877188074)
- build-raviole in 0s (ID 83877188107)
- build-lynx in 0s (ID 83877188109)
- build-comet in 0s (ID 83877188140)
- build-akita in 0s (ID 83877188141)
- build-felix in 0s (ID 83877188153)
- build-pantah in 0s (ID 83877188159)
X build-shusky / build (android-gs-shusky-6.1-android16) / android-gs-shusky-6.1-android16 in 3m35s (ID 83877194074)
  ✓ Set up job
  ✓ Checkout Repository
  ✓ Free Disk Space
  ✓ Setup more Swap (for LTO)
  ✓ Setup Build Environment
  ✓ Download Kernel Repository
  ✓ Extract Kernel Version and Set File Name
  - Apply glibc 2.38 Compatibility Fix
  ✓ Setup KernelSU-Next
  ✓ Setup SUSFS
  ✓ Setup SUSFS Patches
  X Setup Baseband Guard
  - Setup netfilter/ipset options
  - Setup BBRv3
  - Apply Kernel Branding
  - Remove Protected Exports
  - Clean Kernel Flags
  - Build Kernel
  - Create Bootimgs Folder and Build Boot Images
  - Upload Boot Images
  - Prepare AnyKernel3 Zip
  ✓ Scan and collect patch rejects
  - Upload Artifacts
  ✓ Upload Rejects
  ✓ Build Summary
  ✓ Post Checkout Repository
  ✓ Complete job
✓ rej in 7s (ID 83877391795)
  ✓ Set up job
  ✓ Download Misc Artifacts
  ✓ Process Reject Artifacts
  ✓ Upload AIO-REJ Artifact
  ✓ Complete job
- release in 0s (ID 83877392177)

ANNOTATIONS
! Node.js 20 is deprecated. The following actions target Node.js 20 but are being forced to run on Node.js 24: actions/upload-artifact@v4. For more information see: https://github.blog/changelog/2025-09-19-deprecation-of-node-20-on-github-actions-runners/
build-shusky / build (android-gs-shusky-6.1-android16) / android-gs-shusky-6.1-android16: .github#2

X Process completed with exit code 127.
build-shusky / build (android-gs-shusky-6.1-android16) / android-gs-shusky-6.1-android16: .github#53

